<?xml version="1.0" encoding="UTF-8"?>
<testsuite xmlns:xsi="http://www.w3.org/2001/XMLSchema-instance" xsi:noNamespaceSchemaLocation="https://maven.apache.org/surefire/maven-surefire-plugin/xsd/surefire-test-report-3.0.xsd" version="3.0" name="TestSuite" time="954.61" tests="44" errors="0" skipped="0" failures="0">
  <properties>
    <property name="java.specification.version" value="21"/>
    <property name="sun.cpu.isalist" value="amd64"/>
    <property name="sun.jnu.encoding" value="Cp1252"/>
    <property name="java.class.path" value="C:\Users\2407257\eclipse-workspace\emiCalculator\target\test-classes;C:\Users\2407257\eclipse-workspace\emiCalculator\target\classes;C:\Users\2407257\.m2\repository\io\qameta\allure\allure-testng\2.29.1\allure-testng-2.29.1.jar;C:\Users\2407257\.m2\repository\io\qameta\allure\allure-java-commons\2.29.1\allure-java-commons-2.29.1.jar;C:\Users\2407257\.m2\repository\io\qameta\allure\allure-model\2.29.1\allure-model-2.29.1.jar;C:\Users\2407257\.m2\repository\io\qameta\allure\allure-test-filter\2.29.1\allure-test-filter-2.29.1.jar;C:\Users\2407257\.m2\repository\org\seleniumhq\selenium\selenium-java\4.33.0\selenium-java-4.33.0.jar;C:\Users\2407257\.m2\repository\org\seleniumhq\selenium\selenium-api\4.33.0\selenium-api-4.33.0.jar;C:\Users\2407257\.m2\repository\org\jspecify\jspecify\1.0.0\jspecify-1.0.0.jar;C:\Users\2407257\.m2\repository\org\seleniumhq\selenium\selenium-chrome-driver\4.33.0\selenium-chrome-driver-4.33.0.jar;C:\Users\2407257\.m2\repository\com\google\auto\service\auto-service-annotations\1.1.1\auto-service-annotations-1.1.1.jar;C:\Users\2407257\.m2\repository\org\seleniumhq\selenium\selenium-chromium-driver\4.33.0\selenium-chromium-driver-4.33.0.jar;C:\Users\2407257\.m2\repository\org\seleniumhq\selenium\selenium-json\4.33.0\selenium-json-4.33.0.jar;C:\Users\2407257\.m2\repository\org\seleniumhq\selenium\selenium-manager\4.33.0\selenium-manager-4.33.0.jar;C:\Users\2407257\.m2\repository\org\seleniumhq\selenium\selenium-devtools-v135\4.33.0\selenium-devtools-v135-4.33.0.jar;C:\Users\2407257\.m2\repository\org\seleniumhq\selenium\selenium-devtools-v136\4.33.0\selenium-devtools-v136-4.33.0.jar;C:\Users\2407257\.m2\repository\org\seleniumhq\selenium\selenium-devtools-v137\4.33.0\selenium-devtools-v137-4.33.0.jar;C:\Users\2407257\.m2\repository\org\seleniumhq\selenium\selenium-edge-driver\4.33.0\selenium-edge-driver-4.33.0.jar;C:\Users\2407257\.m2\repository\org\seleniumhq\selenium\selenium-firefox-driver\4.33.0\selenium-firefox-driver-4.33.0.jar;C:\Users\2407257\.m2\repository\org\seleniumhq\selenium\selenium-http\4.33.0\selenium-http-4.33.0.jar;C:\Users\2407257\.m2\repository\org\seleniumhq\selenium\selenium-ie-driver\4.33.0\selenium-ie-driver-4.33.0.jar;C:\Users\2407257\.m2\repository\org\seleniumhq\selenium\selenium-remote-driver\4.33.0\selenium-remote-driver-4.33.0.jar;C:\Users\2407257\.m2\repository\com\google\guava\guava\33.4.8-jre\guava-33.4.8-jre.jar;C:\Users\2407257\.m2\repository\com\google\guava\failureaccess\1.0.3\failureaccess-1.0.3.jar;C:\Users\2407257\.m2\repository\com\google\guava\listenablefuture\9999.0-empty-to-avoid-conflict-with-guava\listenablefuture-9999.0-empty-to-avoid-conflict-with-guava.jar;C:\Users\2407257\.m2\repository\com\google\errorprone\error_prone_annotations\2.36.0\error_prone_annotations-2.36.0.jar;C:\Users\2407257\.m2\repository\com\google\j2objc\j2objc-annotations\3.0.0\j2objc-annotations-3.0.0.jar;C:\Users\2407257\.m2\repository\io\opentelemetry\opentelemetry-api\1.50.0\opentelemetry-api-1.50.0.jar;C:\Users\2407257\.m2\repository\io\opentelemetry\opentelemetry-context\1.50.0\opentelemetry-context-1.50.0.jar;C:\Users\2407257\.m2\repository\io\opentelemetry\opentelemetry-exporter-logging\1.50.0\opentelemetry-exporter-logging-1.50.0.jar;C:\Users\2407257\.m2\repository\io\opentelemetry\opentelemetry-sdk-common\1.50.0\opentelemetry-sdk-common-1.50.0.jar;C:\Users\2407257\.m2\repository\io\opentelemetry\opentelemetry-sdk-extension-autoconfigure-spi\1.50.0\opentelemetry-sdk-extension-autoconfigure-spi-1.50.0.jar;C:\Users\2407257\.m2\repository\io\opentelemetry\opentelemetry-sdk-extension-autoconfigure\1.50.0\opentelemetry-sdk-extension-autoconfigure-1.50.0.jar;C:\Users\2407257\.m2\repository\io\opentelemetry\opentelemetry-sdk-trace\1.50.0\opentelemetry-sdk-trace-1.50.0.jar;C:\Users\2407257\.m2\repository\io\opentelemetry\opentelemetry-sdk\1.50.0\opentelemetry-sdk-1.50.0.jar;C:\Users\2407257\.m2\repository\io\opentelemetry\opentelemetry-sdk-metrics\1.50.0\opentelemetry-sdk-metrics-1.50.0.jar;C:\Users\2407257\.m2\repository\io\opentelemetry\opentelemetry-sdk-logs\1.50.0\opentelemetry-sdk-logs-1.50.0.jar;C:\Users\2407257\.m2\repository\net\bytebuddy\byte-buddy\1.17.5\byte-buddy-1.17.5.jar;C:\Users\2407257\.m2\repository\org\seleniumhq\selenium\selenium-os\4.33.0\selenium-os-4.33.0.jar;C:\Users\2407257\.m2\repository\org\apache\commons\commons-exec\1.4.0\commons-exec-1.4.0.jar;C:\Users\2407257\.m2\repository\org\seleniumhq\selenium\selenium-safari-driver\4.33.0\selenium-safari-driver-4.33.0.jar;C:\Users\2407257\.m2\repository\org\seleniumhq\selenium\selenium-support\4.33.0\selenium-support-4.33.0.jar;C:\Users\2407257\.m2\repository\com\aventstack\extentreports\5.1.1\extentreports-5.1.1.jar;C:\Users\2407257\.m2\repository\io\reactivex\rxjava3\rxjava\3.1.6\rxjava-3.1.6.jar;C:\Users\2407257\.m2\repository\org\reactivestreams\reactive-streams\1.0.4\reactive-streams-1.0.4.jar;C:\Users\2407257\.m2\repository\org\freemarker\freemarker\2.3.32\freemarker-2.3.32.jar;C:\Users\2407257\.m2\repository\org\projectlombok\lombok\1.18.26\lombok-1.18.26.jar;C:\Users\2407257\.m2\repository\com\google\code\gson\gson\2.10.1\gson-2.10.1.jar;C:\Users\2407257\.m2\repository\io\cucumber\cucumber-java\7.14.0\cucumber-java-7.14.0.jar;C:\Users\2407257\.m2\repository\io\cucumber\cucumber-core\7.14.0\cucumber-core-7.14.0.jar;C:\Users\2407257\.m2\repository\io\cucumber\cucumber-gherkin\7.14.0\cucumber-gherkin-7.14.0.jar;C:\Users\2407257\.m2\repository\io\cucumber\cucumber-gherkin-messages\7.14.0\cucumber-gherkin-messages-7.14.0.jar;C:\Users\2407257\.m2\repository\io\cucumber\gherkin\26.2.0\gherkin-26.2.0.jar;C:\Users\2407257\.m2\repository\io\cucumber\messages\22.0.0\messages-22.0.0.jar;C:\Users\2407257\.m2\repository\io\cucumber\tag-expressions\5.0.6\tag-expressions-5.0.6.jar;C:\Users\2407257\.m2\repository\io\cucumber\cucumber-expressions\16.1.2\cucumber-expressions-16.1.2.jar;C:\Users\2407257\.m2\repository\io\cucumber\datatable\7.14.0\datatable-7.14.0.jar;C:\Users\2407257\.m2\repository\io\cucumber\cucumber-plugin\7.14.0\cucumber-plugin-7.14.0.jar;C:\Users\2407257\.m2\repository\io\cucumber\docstring\7.14.0\docstring-7.14.0.jar;C:\Users\2407257\.m2\repository\io\cucumber\html-formatter\20.4.0\html-formatter-20.4.0.jar;C:\Users\2407257\.m2\repository\io\cucumber\junit-xml-formatter\0.2.0\junit-xml-formatter-0.2.0.jar;C:\Users\2407257\.m2\repository\io\cucumber\ci-environment\9.2.0\ci-environment-9.2.0.jar;C:\Users\2407257\.m2\repository\org\apiguardian\apiguardian-api\1.1.2\apiguardian-api-1.1.2.jar;C:\Users\2407257\.m2\repository\io\cucumber\cucumber-testng\7.14.0\cucumber-testng-7.14.0.jar;C:\Users\2407257\.m2\repository\org\apache\logging\log4j\log4j-api\2.20.0\log4j-api-2.20.0.jar;C:\Users\2407257\.m2\repository\org\apache\logging\log4j\log4j-core\2.20.0\log4j-core-2.20.0.jar;C:\Users\2407257\.m2\repository\org\apache\poi\poi\5.2.3\poi-5.2.3.jar;C:\Users\2407257\.m2\repository\commons-codec\commons-codec\1.15\commons-codec-1.15.jar;C:\Users\2407257\.m2\repository\org\apache\commons\commons-math3\3.6.1\commons-math3-3.6.1.jar;C:\Users\2407257\.m2\repository\commons-io\commons-io\2.11.0\commons-io-2.11.0.jar;C:\Users\2407257\.m2\repository\com\zaxxer\SparseBitSet\1.2\SparseBitSet-1.2.jar;C:\Users\2407257\.m2\repository\org\apache\poi\poi-ooxml\5.2.3\poi-ooxml-5.2.3.jar;C:\Users\2407257\.m2\repository\org\apache\poi\poi-ooxml-lite\5.2.3\poi-ooxml-lite-5.2.3.jar;C:\Users\2407257\.m2\repository\org\apache\xmlbeans\xmlbeans\5.1.1\xmlbeans-5.1.1.jar;C:\Users\2407257\.m2\repository\org\apache\commons\commons-compress\1.21\commons-compress-1.21.jar;C:\Users\2407257\.m2\repository\com\github\virtuald\curvesapi\1.07\curvesapi-1.07.jar;C:\Users\2407257\.m2\repository\org\apache\commons\commons-collections4\4.4\commons-collections4-4.4.jar;C:\Users\2407257\.m2\repository\org\testng\testng\7.8.0\testng-7.8.0.jar;C:\Users\2407257\.m2\repository\org\slf4j\slf4j-api\1.7.36\slf4j-api-1.7.36.jar;C:\Users\2407257\.m2\repository\com\beust\jcommander\1.82\jcommander-1.82.jar;C:\Users\2407257\.m2\repository\org\webjars\jquery\3.6.1\jquery-3.6.1.jar;C:\Users\2407257\.m2\repository\com\fasterxml\jackson\core\jackson-databind\2.19.1\jackson-databind-2.19.1.jar;C:\Users\2407257\.m2\repository\com\fasterxml\jackson\core\jackson-annotations\2.19.1\jackson-annotations-2.19.1.jar;C:\Users\2407257\.m2\repository\com\fasterxml\jackson\core\jackson-core\2.19.1\jackson-core-2.19.1.jar;"/>
    <property name="java.vm.vendor" value="Eclipse Adoptium"/>
    <property name="sun.arch.data.model" value="64"/>
    <property name="user.variant" value=""/>
    <property name="java.vendor.url" value="https://adoptium.net/"/>
    <property name="user.timezone" value="Asia/Calcutta"/>
    <property name="os.name" value="Windows 11"/>
    <property name="java.vm.specification.version" value="21"/>
    <property name="sun.java.launcher" value="SUN_STANDARD"/>
    <property name="user.country" value="US"/>
    <property name="sun.boot.library.path" value="C:\Users\2407257\Downloads\Open Source_New_Eclipse\eclipse\plugins\org.eclipse.justj.openjdk.hotspot.jre.full.win32.x86_64_21.0.6.v20250130-0529\jre\bin"/>
    <property name="sun.java.command" value="C:\Users\2407257\AppData\Local\Temp\surefire628915795478867526\surefirebooter-20250718100449474_3.jar C:\Users\2407257\AppData\Local\Temp\surefire628915795478867526 2025-07-18T10-04-49_192-jvmRun1 surefire-20250718100449474_1tmp surefire_0-20250718100449474_2tmp"/>
    <property name="jdk.debug" value="release"/>
    <property name="surefire.test.class.path" value="C:\Users\2407257\eclipse-workspace\emiCalculator\target\test-classes;C:\Users\2407257\eclipse-workspace\emiCalculator\target\classes;C:\Users\2407257\.m2\repository\io\qameta\allure\allure-testng\2.29.1\allure-testng-2.29.1.jar;C:\Users\2407257\.m2\repository\io\qameta\allure\allure-java-commons\2.29.1\allure-java-commons-2.29.1.jar;C:\Users\2407257\.m2\repository\io\qameta\allure\allure-model\2.29.1\allure-model-2.29.1.jar;C:\Users\2407257\.m2\repository\io\qameta\allure\allure-test-filter\2.29.1\allure-test-filter-2.29.1.jar;C:\Users\2407257\.m2\repository\org\seleniumhq\selenium\selenium-java\4.33.0\selenium-java-4.33.0.jar;C:\Users\2407257\.m2\repository\org\seleniumhq\selenium\selenium-api\4.33.0\selenium-api-4.33.0.jar;C:\Users\2407257\.m2\repository\org\jspecify\jspecify\1.0.0\jspecify-1.0.0.jar;C:\Users\2407257\.m2\repository\org\seleniumhq\selenium\selenium-chrome-driver\4.33.0\selenium-chrome-driver-4.33.0.jar;C:\Users\2407257\.m2\repository\com\google\auto\service\auto-service-annotations\1.1.1\auto-service-annotations-1.1.1.jar;C:\Users\2407257\.m2\repository\org\seleniumhq\selenium\selenium-chromium-driver\4.33.0\selenium-chromium-driver-4.33.0.jar;C:\Users\2407257\.m2\repository\org\seleniumhq\selenium\selenium-json\4.33.0\selenium-json-4.33.0.jar;C:\Users\2407257\.m2\repository\org\seleniumhq\selenium\selenium-manager\4.33.0\selenium-manager-4.33.0.jar;C:\Users\2407257\.m2\repository\org\seleniumhq\selenium\selenium-devtools-v135\4.33.0\selenium-devtools-v135-4.33.0.jar;C:\Users\2407257\.m2\repository\org\seleniumhq\selenium\selenium-devtools-v136\4.33.0\selenium-devtools-v136-4.33.0.jar;C:\Users\2407257\.m2\repository\org\seleniumhq\selenium\selenium-devtools-v137\4.33.0\selenium-devtools-v137-4.33.0.jar;C:\Users\2407257\.m2\repository\org\seleniumhq\selenium\selenium-edge-driver\4.33.0\selenium-edge-driver-4.33.0.jar;C:\Users\2407257\.m2\repository\org\seleniumhq\selenium\selenium-firefox-driver\4.33.0\selenium-firefox-driver-4.33.0.jar;C:\Users\2407257\.m2\repository\org\seleniumhq\selenium\selenium-http\4.33.0\selenium-http-4.33.0.jar;C:\Users\2407257\.m2\repository\org\seleniumhq\selenium\selenium-ie-driver\4.33.0\selenium-ie-driver-4.33.0.jar;C:\Users\2407257\.m2\repository\org\seleniumhq\selenium\selenium-remote-driver\4.33.0\selenium-remote-driver-4.33.0.jar;C:\Users\2407257\.m2\repository\com\google\guava\guava\33.4.8-jre\guava-33.4.8-jre.jar;C:\Users\2407257\.m2\repository\com\google\guava\failureaccess\1.0.3\failureaccess-1.0.3.jar;C:\Users\2407257\.m2\repository\com\google\guava\listenablefuture\9999.0-empty-to-avoid-conflict-with-guava\listenablefuture-9999.0-empty-to-avoid-conflict-with-guava.jar;C:\Users\2407257\.m2\repository\com\google\errorprone\error_prone_annotations\2.36.0\error_prone_annotations-2.36.0.jar;C:\Users\2407257\.m2\repository\com\google\j2objc\j2objc-annotations\3.0.0\j2objc-annotations-3.0.0.jar;C:\Users\2407257\.m2\repository\io\opentelemetry\opentelemetry-api\1.50.0\opentelemetry-api-1.50.0.jar;C:\Users\2407257\.m2\repository\io\opentelemetry\opentelemetry-context\1.50.0\opentelemetry-context-1.50.0.jar;C:\Users\2407257\.m2\repository\io\opentelemetry\opentelemetry-exporter-logging\1.50.0\opentelemetry-exporter-logging-1.50.0.jar;C:\Users\2407257\.m2\repository\io\opentelemetry\opentelemetry-sdk-common\1.50.0\opentelemetry-sdk-common-1.50.0.jar;C:\Users\2407257\.m2\repository\io\opentelemetry\opentelemetry-sdk-extension-autoconfigure-spi\1.50.0\opentelemetry-sdk-extension-autoconfigure-spi-1.50.0.jar;C:\Users\2407257\.m2\repository\io\opentelemetry\opentelemetry-sdk-extension-autoconfigure\1.50.0\opentelemetry-sdk-extension-autoconfigure-1.50.0.jar;C:\Users\2407257\.m2\repository\io\opentelemetry\opentelemetry-sdk-trace\1.50.0\opentelemetry-sdk-trace-1.50.0.jar;C:\Users\2407257\.m2\repository\io\opentelemetry\opentelemetry-sdk\1.50.0\opentelemetry-sdk-1.50.0.jar;C:\Users\2407257\.m2\repository\io\opentelemetry\opentelemetry-sdk-metrics\1.50.0\opentelemetry-sdk-metrics-1.50.0.jar;C:\Users\2407257\.m2\repository\io\opentelemetry\opentelemetry-sdk-logs\1.50.0\opentelemetry-sdk-logs-1.50.0.jar;C:\Users\2407257\.m2\repository\net\bytebuddy\byte-buddy\1.17.5\byte-buddy-1.17.5.jar;C:\Users\2407257\.m2\repository\org\seleniumhq\selenium\selenium-os\4.33.0\selenium-os-4.33.0.jar;C:\Users\2407257\.m2\repository\org\apache\commons\commons-exec\1.4.0\commons-exec-1.4.0.jar;C:\Users\2407257\.m2\repository\org\seleniumhq\selenium\selenium-safari-driver\4.33.0\selenium-safari-driver-4.33.0.jar;C:\Users\2407257\.m2\repository\org\seleniumhq\selenium\selenium-support\4.33.0\selenium-support-4.33.0.jar;C:\Users\2407257\.m2\repository\com\aventstack\extentreports\5.1.1\extentreports-5.1.1.jar;C:\Users\2407257\.m2\repository\io\reactivex\rxjava3\rxjava\3.1.6\rxjava-3.1.6.jar;C:\Users\2407257\.m2\repository\org\reactivestreams\reactive-streams\1.0.4\reactive-streams-1.0.4.jar;C:\Users\2407257\.m2\repository\org\freemarker\freemarker\2.3.32\freemarker-2.3.32.jar;C:\Users\2407257\.m2\repository\org\projectlombok\lombok\1.18.26\lombok-1.18.26.jar;C:\Users\2407257\.m2\repository\com\google\code\gson\gson\2.10.1\gson-2.10.1.jar;C:\Users\2407257\.m2\repository\io\cucumber\cucumber-java\7.14.0\cucumber-java-7.14.0.jar;C:\Users\2407257\.m2\repository\io\cucumber\cucumber-core\7.14.0\cucumber-core-7.14.0.jar;C:\Users\2407257\.m2\repository\io\cucumber\cucumber-gherkin\7.14.0\cucumber-gherkin-7.14.0.jar;C:\Users\2407257\.m2\repository\io\cucumber\cucumber-gherkin-messages\7.14.0\cucumber-gherkin-messages-7.14.0.jar;C:\Users\2407257\.m2\repository\io\cucumber\gherkin\26.2.0\gherkin-26.2.0.jar;C:\Users\2407257\.m2\repository\io\cucumber\messages\22.0.0\messages-22.0.0.jar;C:\Users\2407257\.m2\repository\io\cucumber\tag-expressions\5.0.6\tag-expressions-5.0.6.jar;C:\Users\2407257\.m2\repository\io\cucumber\cucumber-expressions\16.1.2\cucumber-expressions-16.1.2.jar;C:\Users\2407257\.m2\repository\io\cucumber\datatable\7.14.0\datatable-7.14.0.jar;C:\Users\2407257\.m2\repository\io\cucumber\cucumber-plugin\7.14.0\cucumber-plugin-7.14.0.jar;C:\Users\2407257\.m2\repository\io\cucumber\docstring\7.14.0\docstring-7.14.0.jar;C:\Users\2407257\.m2\repository\io\cucumber\html-formatter\20.4.0\html-formatter-20.4.0.jar;C:\Users\2407257\.m2\repository\io\cucumber\junit-xml-formatter\0.2.0\junit-xml-formatter-0.2.0.jar;C:\Users\2407257\.m2\repository\io\cucumber\ci-environment\9.2.0\ci-environment-9.2.0.jar;C:\Users\2407257\.m2\repository\org\apiguardian\apiguardian-api\1.1.2\apiguardian-api-1.1.2.jar;C:\Users\2407257\.m2\repository\io\cucumber\cucumber-testng\7.14.0\cucumber-testng-7.14.0.jar;C:\Users\2407257\.m2\repository\org\apache\logging\log4j\log4j-api\2.20.0\log4j-api-2.20.0.jar;C:\Users\2407257\.m2\repository\org\apache\logging\log4j\log4j-core\2.20.0\log4j-core-2.20.0.jar;C:\Users\2407257\.m2\repository\org\apache\poi\poi\5.2.3\poi-5.2.3.jar;C:\Users\2407257\.m2\repository\commons-codec\commons-codec\1.15\commons-codec-1.15.jar;C:\Users\2407257\.m2\repository\org\apache\commons\commons-math3\3.6.1\commons-math3-3.6.1.jar;C:\Users\2407257\.m2\repository\commons-io\commons-io\2.11.0\commons-io-2.11.0.jar;C:\Users\2407257\.m2\repository\com\zaxxer\SparseBitSet\1.2\SparseBitSet-1.2.jar;C:\Users\2407257\.m2\repository\org\apache\poi\poi-ooxml\5.2.3\poi-ooxml-5.2.3.jar;C:\Users\2407257\.m2\repository\org\apache\poi\poi-ooxml-lite\5.2.3\poi-ooxml-lite-5.2.3.jar;C:\Users\2407257\.m2\repository\org\apache\xmlbeans\xmlbeans\5.1.1\xmlbeans-5.1.1.jar;C:\Users\2407257\.m2\repository\org\apache\commons\commons-compress\1.21\commons-compress-1.21.jar;C:\Users\2407257\.m2\repository\com\github\virtuald\curvesapi\1.07\curvesapi-1.07.jar;C:\Users\2407257\.m2\repository\org\apache\commons\commons-collections4\4.4\commons-collections4-4.4.jar;C:\Users\2407257\.m2\repository\org\testng\testng\7.8.0\testng-7.8.0.jar;C:\Users\2407257\.m2\repository\org\slf4j\slf4j-api\1.7.36\slf4j-api-1.7.36.jar;C:\Users\2407257\.m2\repository\com\beust\jcommander\1.82\jcommander-1.82.jar;C:\Users\2407257\.m2\repository\org\webjars\jquery\3.6.1\jquery-3.6.1.jar;C:\Users\2407257\.m2\repository\com\fasterxml\jackson\core\jackson-databind\2.19.1\jackson-databind-2.19.1.jar;C:\Users\2407257\.m2\repository\com\fasterxml\jackson\core\jackson-annotations\2.19.1\jackson-annotations-2.19.1.jar;C:\Users\2407257\.m2\repository\com\fasterxml\jackson\core\jackson-core\2.19.1\jackson-core-2.19.1.jar;"/>
    <property name="sun.cpu.endian" value="little"/>
    <property name="user.home" value="C:\Users\2407257"/>
    <property name="user.language" value="en"/>
    <property name="java.specification.vendor" value="Oracle Corporation"/>
    <property name="java.version.date" value="2025-01-21"/>
    <property name="java.home" value="C:\Users\2407257\Downloads\Open Source_New_Eclipse\eclipse\plugins\org.eclipse.justj.openjdk.hotspot.jre.full.win32.x86_64_21.0.6.v20250130-0529\jre"/>
    <property name="file.separator" value="\"/>
    <property name="basedir" value="C:\Users\2407257\eclipse-workspace\emiCalculator"/>
    <property name="style.color" value="always"/>
    <property name="java.vm.compressedOopsMode" value="Zero based"/>
    <property name="line.separator" value="&#10;"/>
    <property name="java.vm.specification.vendor" value="Oracle Corporation"/>
    <property name="java.specification.name" value="Java Platform API Specification"/>
    <property name="surefire.real.class.path" value="C:\Users\2407257\AppData\Local\Temp\surefire628915795478867526\surefirebooter-20250718100449474_3.jar"/>
    <property name="user.script" value=""/>
    <property name="sun.management.compiler" value="HotSpot 64-Bit Tiered Compilers"/>
    <property name="java.runtime.version" value="21.0.6+7-LTS"/>
    <property name="user.name" value="2407257"/>
    <property name="stdout.encoding" value="Cp1252"/>
    <property name="path.separator" value=";"/>
    <property name="otel.metrics.exporter" value="none"/>
    <property name="os.version" value="10.0"/>
    <property name="java.runtime.name" value="OpenJDK Runtime Environment"/>
    <property name="otel.traces.exporter" value="none"/>
    <property name="file.encoding" value="UTF-8"/>
    <property name="java.vm.name" value="OpenJDK 64-Bit Server VM"/>
    <property name="java.vendor.version" value="Temurin-21.0.6+7"/>
    <property name="localRepository" value="C:\Users\2407257\.m2\repository"/>
    <property name="java.vendor.url.bug" value="https://github.com/adoptium/adoptium-support/issues"/>
    <property name="otel.logs.exporter" value="none"/>
    <property name="java.io.tmpdir" value="C:\Users\2407257\AppData\Local\Temp\"/>
    <property name="java.version" value="21.0.6"/>
    <property name="user.dir" value="C:\Users\2407257\eclipse-workspace\emiCalculator"/>
    <property name="os.arch" value="amd64"/>
    <property name="java.vm.specification.name" value="Java Virtual Machine Specification"/>
    <property name="sun.os.patch.level" value=""/>
    <property name="native.encoding" value="Cp1252"/>
    <property name="java.library.path" value="C:\Users\2407257\Downloads\Open Source_New_Eclipse\eclipse\plugins\org.eclipse.justj.openjdk.hotspot.jre.full.win32.x86_64_21.0.6.v20250130-0529\jre\bin;C:\Windows\Sun\Java\bin;C:\Windows\system32;C:\Windows;C:/Users/2407257/Downloads/Open Source_New_Eclipse/eclipse//plugins/org.eclipse.justj.openjdk.hotspot.jre.full.win32.x86_64_21.0.7.v20250502-0916/jre/bin/server;C:/Users/2407257/Downloads/Open Source_New_Eclipse/eclipse//plugins/org.eclipse.justj.openjdk.hotspot.jre.full.win32.x86_64_21.0.7.v20250502-0916/jre/bin;C:\Program Files\Common Files\Oracle\Java\javapath;C:\Windows\system32;C:\Windows;C:\Windows\System32\Wbem;C:\Windows\System32\WindowsPowerShell\v1.0\;C:\Windows\System32\OpenSSH\;C:\Program Files\nodejs\;C:\Program Files\Git\cmd;C:\Maven 3.9.9\apache-maven-3.9.9-bin\apache-maven-3.9.9\bin;C:\Users\2407257\Downloads\allure-2.34.1\allure-2.34.1\bin;C:\Users\2407257\Downloads\allure-2.34.1\allure-2.34.1\bin;C:\Users\2407257\AppData\Local\Microsoft\WindowsApps;C:\Users\2407257\AppData\Roaming\npm;C:\Users\2407257\AppData\Local\Programs\Microsoft VS Code\bin;C:\Users\2407257\Downloads\Open Source_New_Eclipse\eclipse;;."/>
    <property name="java.vm.info" value="mixed mode, sharing"/>
    <property name="stderr.encoding" value="Cp1252"/>
    <property name="java.vendor" value="Eclipse Adoptium"/>
    <property name="java.vm.version" value="21.0.6+7-LTS"/>
    <property name="sun.io.unicode.encoding" value="UnicodeLittle"/>
    <property name="java.class.version" value="65.0"/>
  </properties>
  <testcase name="testCarLoanEMICalculation" classname="com.loanemi.tests.LoanEMITest" time="1.698">
    <system-out><![CDATA[remote
remote

@carpage @car_emi
Scenario: Validate Car Loan EMI                          # src/test/resources/com/loanemi/features/01_car_emi.feature:24

@carpage @car_emi
Scenario: Validate Car Loan EMI                          # src/test/resources/com/loanemi/features/01_car_emi.feature:24
remote
remote
]]></system-out>
    <system-err><![CDATA[SLF4J: Failed to load class "org.slf4j.impl.StaticLoggerBinder".
SLF4J: Defaulting to no-operation (NOP) logger implementation
SLF4J: See http://www.slf4j.org/codes.html#StaticLoggerBinder for further details.
Jul 18, 2025 10:05:02 AM org.openqa.selenium.remote.tracing.opentelemetry.OpenTelemetryTracer createTracer
INFO: Using OpenTelemetry for tracing
]]></system-err>
  </testcase>
  <testcase name="testCarLoanEMICalculation" classname="com.loanemi.tests.LoanEMITest" time="0.182">
    <system-out><![CDATA[
@homepage @home
Scenario: Extract Home Loan EMI and Amortization Table                  # src/test/resources/com/loanemi/features/02_home_loan.feature:24
remote
]]></system-out>
  </testcase>
  <testcase name="testHomeLoanEMIDataExtraction" classname="com.loanemi.tests.LoanEMITest" time="56.986">
    <system-out><![CDATA[
@homepage @home
Scenario: Extract Home Loan EMI and Amortization Table                  # src/test/resources/com/loanemi/features/02_home_loan.feature:24
remote
  Given The user opens the EMI calculator site                          # com.loanemi.stepdefs.LoanSteps.openEmiCalculatorSite()
  Given The user opens the EMI calculator site                          # com.loanemi.stepdefs.LoanSteps.openEmiCalculatorSite()
]]></system-out>
  </testcase>
  <testcase name="testHomeLoanEMIDataExtraction" classname="com.loanemi.tests.LoanEMITest" time="3.702"/>
  <testcase name="testOnlyEMICalculatorFields" classname="com.loanemi.tests.LoanEMITest" time="37.463"/>
  <testcase name="testOnlyEMICalculatorFields" classname="com.loanemi.tests.LoanEMITest" time="3.109"/>
  <testcase name="testEMICalculatorUIValidation" classname="com.loanemi.tests.LoanEMITest" time="27.52">
    <system-out><![CDATA[
@loanpage @emi_field
Scenario: Validate EMI Calculator Fields and Sliders             # src/test/resources/com/loanemi/features/03_emifield.feature:24

@loanpage @emi_field
Scenario: Validate EMI Calculator Fields and Sliders             # src/test/resources/com/loanemi/features/03_emifield.feature:24
remote
remote
]]></system-out>
  </testcase>
  <testcase name="testEMICalculatorUIValidation" classname="com.loanemi.tests.LoanEMITest" time="2.781"/>
  <testcase name="testOnlyLoanAmountCalculatorFields" classname="com.loanemi.tests.LoanEMITest" time="38.137">
    <system-out><![CDATA[  Given The user opens the EMI calculator site                   # com.loanemi.stepdefs.LoanSteps.openEmiCalculatorSite()
  Given The user opens the EMI calculator site                   # com.loanemi.stepdefs.LoanSteps.openEmiCalculatorSite()
]]></system-out>
  </testcase>
  <testcase name="testOnlyLoanAmountCalculatorFields" classname="com.loanemi.tests.LoanEMITest" time="3.187"/>
  <testcase name="testLoanAmountCalculatorUIValidation" classname="com.loanemi.tests.LoanEMITest" time="21.713">
    <system-out><![CDATA[
@loanpage @emi_ui
Scenario: Validate EMI Calculator Results and Summary # src/test/resources/com/loanemi/features/04_emi_calculator.feature:24
remote
]]></system-out>
  </testcase>
  <testcase name="testLoanAmountCalculatorUIValidation" classname="com.loanemi.tests.LoanEMITest" time="3.073"/>
  <testcase name="testOnlyLoanTenureCalculatorFields" classname="com.loanemi.tests.LoanEMITest" time="37.328">
    <system-out><![CDATA[  Given The user opens the EMI calculator site        # com.loanemi.stepdefs.LoanSteps.openEmiCalculatorSite()
  Given The user opens the EMI calculator site        # com.loanemi.stepdefs.LoanSteps.openEmiCalculatorSite()
]]></system-out>
  </testcase>
  <testcase name="testOnlyLoanTenureCalculatorFields" classname="com.loanemi.tests.LoanEMITest" time="2.463"/>
  <testcase name="testLoanTenureCalculatorUIValidation" classname="com.loanemi.tests.LoanEMITest" time="15.495">
    <system-out><![CDATA[
@loanpage @amount_field
Scenario: Validate Loan Amount Fields and Sliders                        # src/test/resources/com/loanemi/features/05_loanamountfield.feature:24
remote
]]></system-out>
  </testcase>
  <testcase name="testLoanTenureCalculatorUIValidation" classname="com.loanemi.tests.LoanEMITest" time="2.404"/>
  <testcase name="testOnlyInterestRateCalculatorFields" classname="com.loanemi.tests.LoanEMITest" time="38.198">
    <system-out><![CDATA[  Given The user opens the EMI calculator site                           # com.loanemi.stepdefs.LoanSteps.openEmiCalculatorSite()
  Given The user opens the EMI calculator site                           # com.loanemi.stepdefs.LoanSteps.openEmiCalculatorSite()
]]></system-out>
  </testcase>
  <testcase name="testOnlyInterestRateCalculatorFields" classname="com.loanemi.tests.LoanEMITest" time="1.83"/>
  <testcase name="testInterestRateCalculatorUIValidation" classname="com.loanemi.tests.LoanEMITest" time="9.673">
    <system-out><![CDATA[
@loanpage @amount_ui
Scenario: Validate Loan Amount Results and Summary        # src/test/resources/com/loanemi/features/06_loan_amount_calculator.feature:24
remote
]]></system-out>
  </testcase>
  <testcase name="testInterestRateCalculatorUIValidation" classname="com.loanemi.tests.LoanEMITest" time="1.421"/>
  <testcase name="testCreditCardEMICalculatorCalculation" classname="com.loanemi.tests.LoanEMITest" time="39.5">
    <system-out><![CDATA[  Given The user opens the EMI calculator site            # com.loanemi.stepdefs.LoanSteps.openEmiCalculatorSite()
  Given The user opens the EMI calculator site            # com.loanemi.stepdefs.LoanSteps.openEmiCalculatorSite()
EMI displayed: ₹3511.0
]]></system-out>
  </testcase>
  <testcase name="testCreditCardEMICalculatorCalculation" classname="com.loanemi.tests.LoanEMITest" time="48.905">
    <system-out><![CDATA[EMI displayed: ₹3511.0
]]></system-out>
  </testcase>
  <testcase name="runScenario[&quot;Validate Car Loan EMI&quot;, &quot;Car Loan EMI Calculation&quot;](1)" classname="com.loanemi.runner.TestRunner" time="0.819">
    <system-out><![CDATA[  Given The user opens the EMI calculator site           # com.loanemi.stepdefs.LoanSteps.openEmiCalculatorSite()
  When The user calculates the car loan EMI              # com.loanemi.stepdefs.LoanSteps.calculateCarLoanEMI()
  Then The user should see the car loan EMI and interest # com.loanemi.stepdefs.LoanSteps.verifyCarLoanResults()
  Given The user opens the EMI calculator site           # com.loanemi.stepdefs.LoanSteps.openEmiCalculatorSite()
  When The user calculates the car loan EMI              # com.loanemi.stepdefs.LoanSteps.calculateCarLoanEMI()
  Then The user should see the car loan EMI and interest # com.loanemi.stepdefs.LoanSteps.verifyCarLoanResults()
]]></system-out>
  </testcase>
  <testcase name="runScenario[&quot;Validate Car Loan EMI&quot;, &quot;Car Loan EMI Calculation&quot;](1)" classname="com.loanemi.runner.TestRunner" time="1.16"/>
  <testcase name="runScenario[&quot;Extract Home Loan EMI and Amortization Table&quot;, &quot;Home Loan EMI Data Extraction&quot;](2)" classname="com.loanemi.runner.TestRunner" time="9.423">
    <system-out><![CDATA[  When The user calculates and extracts Home Loan EMI data              # com.loanemi.stepdefs.LoanSteps.calculateHomeLoanEMI()
  Then The user should see the Home Loan summary and amortization table # com.loanemi.stepdefs.LoanSteps.verifyHomeLoanResults()
  When The user calculates and extracts Home Loan EMI data              # com.loanemi.stepdefs.LoanSteps.calculateHomeLoanEMI()
  Then The user should see the Home Loan summary and amortization table # com.loanemi.stepdefs.LoanSteps.verifyHomeLoanResults()
]]></system-out>
  </testcase>
  <testcase name="runScenario[&quot;Extract Home Loan EMI and Amortization Table&quot;, &quot;Home Loan EMI Data Extraction&quot;](2)" classname="com.loanemi.runner.TestRunner" time="0.003"/>
  <testcase name="runScenario[&quot;Validate EMI Calculator Fields and Sliders&quot;, &quot;EMI Calculator Field and Slider Validation&quot;](3)" classname="com.loanemi.runner.TestRunner" time="14.1">
    <system-out><![CDATA[  When The user validates EMI calculator fields and sliders only # com.loanemi.stepdefs.LoanSteps.validateEMIFieldsOnly()
  Then The user should see validated EMI fields and sliders      # com.loanemi.stepdefs.LoanSteps.verifyEMIFields()
  When The user validates EMI calculator fields and sliders only # com.loanemi.stepdefs.LoanSteps.validateEMIFieldsOnly()
  Then The user should see validated EMI fields and sliders      # com.loanemi.stepdefs.LoanSteps.verifyEMIFields()
]]></system-out>
  </testcase>
  <testcase name="runScenario[&quot;Validate EMI Calculator Fields and Sliders&quot;, &quot;EMI Calculator Field and Slider Validation&quot;](3)" classname="com.loanemi.runner.TestRunner" time="1.024">
    <system-out><![CDATA[
@loanpage @emi_ui
Scenario: Validate EMI Calculator Results and Summary # src/test/resources/com/loanemi/features/04_emi_calculator.feature:24
remote
]]></system-out>
  </testcase>
  <testcase name="runScenario[&quot;Validate EMI Calculator Results and Summary&quot;, &quot;EMI Calculator UI Validation&quot;](4)" classname="com.loanemi.runner.TestRunner" time="19.008">
    <system-out><![CDATA[  When The user validates EMI calculator summary      # com.loanemi.stepdefs.LoanSteps.validateEMIUI()
  Then The user should see the EMI result summary     # com.loanemi.stepdefs.LoanSteps.verifyEMISummary()
  When The user validates EMI calculator summary      # com.loanemi.stepdefs.LoanSteps.validateEMIUI()
  Then The user should see the EMI result summary     # com.loanemi.stepdefs.LoanSteps.verifyEMISummary()
]]></system-out>
  </testcase>
  <testcase name="runScenario[&quot;Validate EMI Calculator Results and Summary&quot;, &quot;EMI Calculator UI Validation&quot;](4)" classname="com.loanemi.runner.TestRunner" time="2.768">
    <system-out><![CDATA[
@loanpage @amount_field
Scenario: Validate Loan Amount Fields and Sliders                        # src/test/resources/com/loanemi/features/05_loanamountfield.feature:24
remote
]]></system-out>
  </testcase>
  <testcase name="runScenario[&quot;Validate Loan Amount Fields and Sliders&quot;, &quot;Loan Amount Calculator Field and Slider Validation&quot;](5)" classname="com.loanemi.runner.TestRunner" time="24.99">
    <system-out><![CDATA[  When The user validates Loan Amount calculator fields and sliders only # com.loanemi.stepdefs.LoanSteps.validateLoanAmountFieldsOnly()
  Then The user should see validated Loan Amount fields and sliders      # com.loanemi.stepdefs.LoanSteps.verifyLoanAmountFields()
  When The user validates Loan Amount calculator fields and sliders only # com.loanemi.stepdefs.LoanSteps.validateLoanAmountFieldsOnly()
  Then The user should see validated Loan Amount fields and sliders      # com.loanemi.stepdefs.LoanSteps.verifyLoanAmountFields()
]]></system-out>
  </testcase>
  <testcase name="runScenario[&quot;Validate Loan Amount Fields and Sliders&quot;, &quot;Loan Amount Calculator Field and Slider Validation&quot;](5)" classname="com.loanemi.runner.TestRunner" time="3.467">
    <system-out><![CDATA[
@loanpage @amount_ui
Scenario: Validate Loan Amount Results and Summary        # src/test/resources/com/loanemi/features/06_loan_amount_calculator.feature:24
remote
]]></system-out>
  </testcase>
  <testcase name="runScenario[&quot;Validate Loan Amount Results and Summary&quot;, &quot;Loan Amount Calculator UI Validation&quot;](6)" classname="com.loanemi.runner.TestRunner" time="69.125">
    <system-out><![CDATA[  When The user validates Loan Amount calculator summary  # com.loanemi.stepdefs.LoanSteps.validateLoanAmountUI()
  Then The user should see the Loan Amount result summary # com.loanemi.stepdefs.LoanSteps.verifyLoanAmountSummary()
]]></system-out>
  </testcase>
  <testcase name="runScenario[&quot;Validate Loan Amount Results and Summary&quot;, &quot;Loan Amount Calculator UI Validation&quot;](6)" classname="com.loanemi.runner.TestRunner" time="5.517">
    <system-out><![CDATA[
@loanpage @tenure_field
Scenario: Validate Loan Tenure Fields and Sliders                        # src/test/resources/com/loanemi/features/07_tenurefield.feature:25
remote
  When The user validates Loan Amount calculator summary  # com.loanemi.stepdefs.LoanSteps.validateLoanAmountUI()
  Then The user should see the Loan Amount result summary # com.loanemi.stepdefs.LoanSteps.verifyLoanAmountSummary()
]]></system-out>
  </testcase>
  <testcase name="runScenario[&quot;Validate Loan Tenure Fields and Sliders&quot;, &quot;Loan Tenure Calculator Field and Slider Validation&quot;](7)" classname="com.loanemi.runner.TestRunner" time="80.059">
    <system-out><![CDATA[
@loanpage @tenure_field
Scenario: Validate Loan Tenure Fields and Sliders                        # src/test/resources/com/loanemi/features/07_tenurefield.feature:25
remote
  Given The user opens the EMI calculator site                           # com.loanemi.stepdefs.LoanSteps.openEmiCalculatorSite()
  Given The user opens the EMI calculator site                           # com.loanemi.stepdefs.LoanSteps.openEmiCalculatorSite()
  When The user validates Loan Tenure calculator fields and sliders only # com.loanemi.stepdefs.LoanSteps.validateTenureFieldsOnly()
  Then The user should see validated Loan Tenure fields and sliders      # com.loanemi.stepdefs.LoanSteps.verifyLoanTenureFields()
]]></system-out>
  </testcase>
  <testcase name="runScenario[&quot;Validate Loan Tenure Fields and Sliders&quot;, &quot;Loan Tenure Calculator Field and Slider Validation&quot;](7)" classname="com.loanemi.runner.TestRunner" time="8.071">
    <system-out><![CDATA[
@loanpage @tenure_ui
Scenario: Validate Loan Tenure Summary                    # src/test/resources/com/loanemi/features/08_loan_tenure_calculator.feature:24
remote
  When The user validates Loan Tenure calculator fields and sliders only # com.loanemi.stepdefs.LoanSteps.validateTenureFieldsOnly()
  Then The user should see validated Loan Tenure fields and sliders      # com.loanemi.stepdefs.LoanSteps.verifyLoanTenureFields()
]]></system-out>
  </testcase>
  <testcase name="runScenario[&quot;Validate Loan Tenure Summary&quot;, &quot;Loan Tenure Calculator UI Validation&quot;](8)" classname="com.loanemi.runner.TestRunner" time="75.987">
    <system-out><![CDATA[
@loanpage @tenure_ui
Scenario: Validate Loan Tenure Summary                    # src/test/resources/com/loanemi/features/08_loan_tenure_calculator.feature:24
remote
  Given The user opens the EMI calculator site            # com.loanemi.stepdefs.LoanSteps.openEmiCalculatorSite()
  Given The user opens the EMI calculator site            # com.loanemi.stepdefs.LoanSteps.openEmiCalculatorSite()
  When The user validates Loan Tenure calculator summary  # com.loanemi.stepdefs.LoanSteps.validateTenureUI()
  Then The user should see the Loan Tenure result summary # com.loanemi.stepdefs.LoanSteps.verifyLoanTenureSummary()
]]></system-out>
  </testcase>
  <testcase name="runScenario[&quot;Validate Loan Tenure Summary&quot;, &quot;Loan Tenure Calculator UI Validation&quot;](8)" classname="com.loanemi.runner.TestRunner" time="8.914">
    <system-out><![CDATA[
@loanpage @rate_field
Scenario: Validate Interest Rate Fields and Sliders                        # src/test/resources/com/loanemi/features/09_interestratefield.feature:25
remote
  When The user validates Loan Tenure calculator summary  # com.loanemi.stepdefs.LoanSteps.validateTenureUI()
  Then The user should see the Loan Tenure result summary # com.loanemi.stepdefs.LoanSteps.verifyLoanTenureSummary()
]]></system-out>
  </testcase>
  <testcase name="runScenario[&quot;Validate Interest Rate Fields and Sliders&quot;, &quot;Interest Rate Calculator Field and Slider Validation&quot;](9)" classname="com.loanemi.runner.TestRunner" time="86.718">
    <system-out><![CDATA[
@loanpage @rate_field
Scenario: Validate Interest Rate Fields and Sliders                        # src/test/resources/com/loanemi/features/09_interestratefield.feature:25
remote
  Given The user opens the EMI calculator site                             # com.loanemi.stepdefs.LoanSteps.openEmiCalculatorSite()
  Given The user opens the EMI calculator site                             # com.loanemi.stepdefs.LoanSteps.openEmiCalculatorSite()
  When The user validates Interest Rate calculator fields and sliders only # com.loanemi.stepdefs.LoanSteps.validateInterestFieldsOnly()
  Then The user should see validated Interest Rate fields and sliders      # com.loanemi.stepdefs.LoanSteps.verifyInterestFields()
  When The user validates Interest Rate calculator fields and sliders only # com.loanemi.stepdefs.LoanSteps.validateInterestFieldsOnly()
  Then The user should see validated Interest Rate fields and sliders      # com.loanemi.stepdefs.LoanSteps.verifyInterestFields()
]]></system-out>
  </testcase>
  <testcase name="runScenario[&quot;Validate Interest Rate Fields and Sliders&quot;, &quot;Interest Rate Calculator Field and Slider Validation&quot;](9)" classname="com.loanemi.runner.TestRunner" time="3.24">
    <system-out><![CDATA[
@loanpage @rate_ui
Scenario: Validate Interest Rate Summary                    # src/test/resources/com/loanemi/features/10_interest_rate_calculator.feature:24
remote
]]></system-out>
  </testcase>
  <testcase name="runScenario[&quot;Validate Interest Rate Summary&quot;, &quot;Interest Rate Calculator UI Validation&quot;](10)" classname="com.loanemi.runner.TestRunner" time="81.875">
    <system-out><![CDATA[
@loanpage @rate_ui
Scenario: Validate Interest Rate Summary                    # src/test/resources/com/loanemi/features/10_interest_rate_calculator.feature:24
remote
  Given The user opens the EMI calculator site              # com.loanemi.stepdefs.LoanSteps.openEmiCalculatorSite()
  Given The user opens the EMI calculator site              # com.loanemi.stepdefs.LoanSteps.openEmiCalculatorSite()
  When The user validates Interest Rate calculator summary  # com.loanemi.stepdefs.LoanSteps.validateInterestUI()
  Then The user should see the Interest Rate result summary # com.loanemi.stepdefs.LoanSteps.verifyInterestRateSummary()
]]></system-out>
  </testcase>
  <testcase name="runScenario[&quot;Validate Interest Rate Summary&quot;, &quot;Interest Rate Calculator UI Validation&quot;](10)" classname="com.loanemi.runner.TestRunner" time="7.322">
    <system-out><![CDATA[
@creditpage @credit_emi
Scenario: Validate Credit Card EMI                   # src/test/resources/com/loanemi/features/11_credit_card_emi.feature:24
remote
  When The user validates Interest Rate calculator summary  # com.loanemi.stepdefs.LoanSteps.validateInterestUI()
  Then The user should see the Interest Rate result summary # com.loanemi.stepdefs.LoanSteps.verifyInterestRateSummary()
]]></system-out>
  </testcase>
  <testcase name="runScenario[&quot;Validate Credit Card EMI&quot;, &quot;Credit Card EMI Calculation&quot;](11)" classname="com.loanemi.runner.TestRunner" time="76.992">
    <system-out><![CDATA[
@creditpage @credit_emi
Scenario: Validate Credit Card EMI                   # src/test/resources/com/loanemi/features/11_credit_card_emi.feature:24
remote
  Given The user opens the EMI calculator site       # com.loanemi.stepdefs.LoanSteps.openEmiCalculatorSite()
  Given The user opens the EMI calculator site       # com.loanemi.stepdefs.LoanSteps.openEmiCalculatorSite()
  When The user calculates the credit card EMI       # com.loanemi.stepdefs.LoanSteps.calculateCreditCardEMI()
  Then The user should see the credit card EMI value # com.loanemi.stepdefs.LoanSteps.verifyCreditCardEMIResult()
]]></system-out>
  </testcase>
  <testcase name="runScenario[&quot;Validate Credit Card EMI&quot;, &quot;Credit Card EMI Calculation&quot;](11)" classname="com.loanemi.runner.TestRunner" time="86.24">
    <system-out><![CDATA[  When The user calculates the credit card EMI       # com.loanemi.stepdefs.LoanSteps.calculateCreditCardEMI()
  Then The user should see the credit card EMI value # com.loanemi.stepdefs.LoanSteps.verifyCreditCardEMIResult()
]]></system-out>
  </testcase>
</testsuite>