<?xml version="1.0" encoding="UTF-8"?>
<!-- Generated by org.testng.reporters.JUnitReportReporter -->
<testsuite hostname="LTIN555665" failures="0" tests="22" name="com.loanemi.tests.LoanEMITest" time="907.788" errors="0" timestamp="2025-07-15T10:29:07 IST" skipped="0">
  <testcase classname="com.loanemi.tests.LoanEMITest" name="testCarLoanEMICalculation" time="2.042"/>
  <testcase classname="com.loanemi.tests.LoanEMITest" name="testCarLoanEMICalculation" time="2.225"/>
  <testcase classname="com.loanemi.tests.LoanEMITest" name="testHomeLoanEMIDataExtraction" time="65.379"/>
  <testcase classname="com.loanemi.tests.LoanEMITest" name="testHomeLoanEMIDataExtraction" time="66.028"/>
  <testcase classname="com.loanemi.tests.LoanEMITest" name="testOnlyEMICalculatorFields" time="44.603"/>
  <testcase classname="com.loanemi.tests.LoanEMITest" name="testOnlyEMICalculatorFields" time="44.426"/>
  <testcase classname="com.loanemi.tests.LoanEMITest" name="testEMICalculatorUIValidation" time="39.160"/>
  <testcase classname="com.loanemi.tests.LoanEMITest" name="testEMICalculatorUIValidation" time="39.359"/>
  <testcase classname="com.loanemi.tests.LoanEMITest" name="testOnlyLoanAmountCalculatorFields" time="44.411"/>
  <testcase classname="com.loanemi.tests.LoanEMITest" name="testOnlyLoanAmountCalculatorFields" time="44.377"/>
  <testcase classname="com.loanemi.tests.LoanEMITest" name="testLoanAmountCalculatorUIValidation" time="44.668"/>
  <testcase classname="com.loanemi.tests.LoanEMITest" name="testLoanAmountCalculatorUIValidation" time="44.639"/>
  <testcase classname="com.loanemi.tests.LoanEMITest" name="testOnlyLoanTenureCalculatorFields" time="42.108"/>
  <testcase classname="com.loanemi.tests.LoanEMITest" name="testOnlyLoanTenureCalculatorFields" time="42.247"/>
  <testcase classname="com.loanemi.tests.LoanEMITest" name="testLoanTenureCalculatorUIValidation" time="42.111"/>
  <testcase classname="com.loanemi.tests.LoanEMITest" name="testLoanTenureCalculatorUIValidation" time="42.243"/>
  <testcase classname="com.loanemi.tests.LoanEMITest" name="testOnlyInterestRateCalculatorFields" time="44.760"/>
  <testcase classname="com.loanemi.tests.LoanEMITest" name="testOnlyInterestRateCalculatorFields" time="44.858"/>
  <testcase classname="com.loanemi.tests.LoanEMITest" name="testInterestRateCalculatorUIValidation" time="44.873"/>
  <testcase classname="com.loanemi.tests.LoanEMITest" name="testInterestRateCalculatorUIValidation" time="44.728"/>
  <testcase classname="com.loanemi.tests.LoanEMITest" name="testCreditCardEMICalculatorCalculation" time="39.216"/>
  <testcase classname="com.loanemi.tests.LoanEMITest" name="testCreditCardEMICalculatorCalculation" time="39.327"/>
</testsuite> <!-- com.loanemi.tests.LoanEMITest -->
