<?xml version="1.0" encoding="UTF-8"?>
<!-- Generated by org.testng.reporters.JUnitReportReporter -->
<testsuite hostname="LTIN574370" failures="0" tests="11" name="com.loanemi.runner.TestRunner" time="879.320" errors="0" timestamp="2025-07-18T10:34:24 IST" skipped="0">
  <testcase classname="com.loanemi.runner.TestRunner" name="runScenario" time="45.151"/>
  <testcase classname="com.loanemi.runner.TestRunner" name="runScenario" time="71.123"/>
  <testcase classname="com.loanemi.runner.TestRunner" name="runScenario" time="82.408"/>
  <testcase classname="com.loanemi.runner.TestRunner" name="runScenario" time="82.486"/>
  <testcase classname="com.loanemi.runner.TestRunner" name="runScenario" time="82.622"/>
  <testcase classname="com.loanemi.runner.TestRunner" name="runScenario" time="82.450"/>
  <testcase classname="com.loanemi.runner.TestRunner" name="runScenario" time="82.380"/>
  <testcase classname="com.loanemi.runner.TestRunner" name="runScenario" time="95.151"/>
  <testcase classname="com.loanemi.runner.TestRunner" name="runScenario" time="89.474"/>
  <testcase classname="com.loanemi.runner.TestRunner" name="runScenario" time="82.951"/>
  <testcase classname="com.loanemi.runner.TestRunner" name="runScenario" time="83.124"/>
</testsuite> <!-- com.loanemi.runner.TestRunner -->
