<?xml version="1.0" encoding="UTF-8"?>
<!-- Generated by org.testng.reporters.JUnitReportReporter -->
<testsuite hostname="LTIN555665" failures="0" tests="9" name="com.loanemi.runner.EdgeRunner" time="813.555" errors="0" timestamp="2025-07-17T16:28:10 IST" skipped="0">
  <testcase classname="com.loanemi.runner.EdgeRunner" name="runScenario" time="85.364"/>
  <testcase classname="com.loanemi.runner.EdgeRunner" name="runScenario" time="85.781"/>
  <testcase classname="com.loanemi.runner.EdgeRunner" name="runScenario" time="87.822"/>
  <testcase classname="com.loanemi.runner.EdgeRunner" name="runScenario" time="85.054"/>
  <testcase classname="com.loanemi.runner.EdgeRunner" name="runScenario" time="84.149"/>
  <testcase classname="com.loanemi.runner.EdgeRunner" name="runScenario" time="85.621"/>
  <testcase classname="com.loanemi.runner.EdgeRunner" name="runScenario" time="85.831"/>
  <testcase classname="com.loanemi.runner.EdgeRunner" name="runScenario" time="83.749"/>
  <testcase classname="com.loanemi.runner.EdgeRunner" name="runScenario" time="130.184"/>
</testsuite> <!-- com.loanemi.runner.EdgeRunner -->
