<?xml version="1.0" encoding="UTF-8"?>
<!-- Generated by org.testng.reporters.JUnitReportReporter -->
<testsuite hostname="LTIN555665" failures="0" tests="2" name="com.loanemi.runner.ChromeRunner" time="137.879" errors="0" timestamp="2025-07-17T16:28:10 IST" skipped="0">
  <testcase classname="com.loanemi.runner.ChromeRunner" name="runScenario" time="53.432"/>
  <testcase classname="com.loanemi.runner.ChromeRunner" name="runScenario" time="84.447"/>
</testsuite> <!-- com.loanemi.runner.ChromeRunner -->
