<?xml version="1.0" encoding="UTF-8"?>
<!-- Generated by org.testng.reporters.JUnitReportReporter -->
<testsuite hostname="LTIN555665" failures="0" tests="22" name="com.loanemi.runner.TestRunner" time="1886.824" errors="0" timestamp="2025-07-18T10:20:54 IST" skipped="0">
  <testcase classname="com.loanemi.runner.TestRunner" name="runScenario" time="110.713"/>
  <testcase classname="com.loanemi.runner.TestRunner" name="runScenario" time="89.196"/>
  <testcase classname="com.loanemi.runner.TestRunner" name="runScenario" time="86.370"/>
  <testcase classname="com.loanemi.runner.TestRunner" name="runScenario" time="85.754"/>
  <testcase classname="com.loanemi.runner.TestRunner" name="runScenario" time="53.603"/>
  <testcase classname="com.loanemi.runner.TestRunner" name="runScenario" time="86.399"/>
  <testcase classname="com.loanemi.runner.TestRunner" name="runScenario" time="89.954"/>
  <testcase classname="com.loanemi.runner.TestRunner" name="runScenario" time="86.781"/>
  <testcase classname="com.loanemi.runner.TestRunner" name="runScenario" time="85.574"/>
  <testcase classname="com.loanemi.runner.TestRunner" name="runScenario" time="112.064"/>
  <testcase classname="com.loanemi.runner.TestRunner" name="runScenario" time="84.902"/>
  <testcase classname="com.loanemi.runner.TestRunner" name="runScenario" time="86.238"/>
  <testcase classname="com.loanemi.runner.TestRunner" name="runScenario" time="85.699"/>
  <testcase classname="com.loanemi.runner.TestRunner" name="runScenario" time="88.129"/>
  <testcase classname="com.loanemi.runner.TestRunner" name="runScenario" time="83.706"/>
  <testcase classname="com.loanemi.runner.TestRunner" name="runScenario" time="84.627"/>
  <testcase classname="com.loanemi.runner.TestRunner" name="runScenario" time="84.059"/>
  <testcase classname="com.loanemi.runner.TestRunner" name="runScenario" time="85.751"/>
  <testcase classname="com.loanemi.runner.TestRunner" name="runScenario" time="95.630"/>
  <testcase classname="com.loanemi.runner.TestRunner" name="runScenario" time="52.249"/>
  <testcase classname="com.loanemi.runner.TestRunner" name="runScenario" time="85.113"/>
  <testcase classname="com.loanemi.runner.TestRunner" name="runScenario" time="84.313"/>
</testsuite> <!-- com.loanemi.runner.TestRunner -->
